[07Aug2024 00:00:03.754] [Server thread/WARN] [net.minecraft.world.level.entity.PersistentEntitySectionManager/]: UUID of added entity already exists: FallingBlockEntity['Falling Hanging Coconut'/9614, l='ServerLevel[world]', x=799.50, y=75.00, z=279.50]
[07Aug2024 00:00:43.109] [Server thread/INFO] [net.minecraft.world.entity.LivingEntity/]: Named entity Vex['Restless Spirit'/7703, l='ServerLevel[world]', x=-22.99, y=-20.00, z=35.59] died: Restless Spirit was killed
[07Aug2024 00:01:21.386] [Server thread/WARN] [net.minecraft.server.MinecraftServer/]: Can't keep up! Is the server overloaded? Running 2188ms or 43 ticks behind
[07Aug2024 00:01:44.415] [Server thread/WARN] [net.minecraft.server.MinecraftServer/]: Can't keep up! Is the server overloaded? Running 2067ms or 41 ticks behind
[07Aug2024 00:02:04.049] [Server thread/WARN] [net.minecraft.server.MinecraftServer/]: Can't keep up! Is the server overloaded? Running 4651ms or 93 ticks behind
[07Aug2024 00:07:14.405] [Server thread/INFO] [net.minecraft.server.MinecraftServer/]: ACU4 has made the advancement [Hostile Paradise]
[07Aug2024 00:07:15.558] [Server thread/INFO] [net.minecraft.world.entity.npc.Villager/]: Villager Villager['Villager'/12356, l='ServerLevel[world]', x=-85.09, y=-256.00, z=32.50] died, message: 'Villager was killed'
[07Aug2024 00:08:12.589] [Server thread/WARN] [net.minecraft.server.MinecraftServer/]: Can't keep up! Is the server overloaded? Running 2041ms or 40 ticks behind
[07Aug2024 00:08:52.163] [Server thread/WARN] [net.minecraft.server.MinecraftServer/]: Can't keep up! Is the server overloaded? Running 2015ms or 40 ticks behind
[07Aug2024 00:11:26.855] [Server thread/INFO] [net.minecraft.server.MinecraftServer/]: ACU4 was doomed to fall by amigobuho360
[07Aug2024 00:11:27.670] [Server thread/INFO] [tombstone/]: The player ACU4 has successfully been saved
[07Aug2024 00:12:21.754] [Server thread/WARN] [net.minecraft.server.MinecraftServer/]: Can't keep up! Is the server overloaded? Running 2006ms or 40 ticks behind
[07Aug2024 00:12:45.265] [Server thread/WARN] [net.minecraft.server.MinecraftServer/]: Can't keep up! Is the server overloaded? Running 8516ms or 170 ticks behind
[07Aug2024 00:13:04.470] [Server thread/WARN] [net.minecraft.server.MinecraftServer/]: Can't keep up! Is the server overloaded? Running 4222ms or 84 ticks behind
[07Aug2024 00:13:29.761] [Server thread/WARN] [net.minecraft.server.MinecraftServer/]: Can't keep up! Is the server overloaded? Running 2013ms or 40 ticks behind
[07Aug2024 00:23:36.904] [Server thread/WARN] [net.minecraft.server.MinecraftServer/]: Can't keep up! Is the server overloaded? Running 2006ms or 40 ticks behind
[07Aug2024 00:23:54.584] [Server thread/WARN] [net.minecraft.server.MinecraftServer/]: Can't keep up! Is the server overloaded? Running 2685ms or 53 ticks behind
[07Aug2024 00:24:13.419] [Server thread/WARN] [net.minecraft.server.MinecraftServer/]: Can't keep up! Is the server overloaded? Running 3871ms or 77 ticks behind
[07Aug2024 00:27:06.202] [Server thread/INFO] [net.minecraft.world.entity.npc.Villager/]: Villager Villager['Villager'/18917, l='ServerLevel[world]', x=-81.58, y=-256.00, z=19.77] died, message: 'Villager was killed'
[07Aug2024 00:28:00.207] [Server thread/INFO] [net.minecraft.world.entity.npc.Villager/]: Villager Villager['Villager'/19144, l='ServerLevel[world]', x=-80.18, y=-256.00, z=19.87] died, message: 'Villager was killed'
[07Aug2024 00:29:20.720] [Server thread/INFO] [net.minecraft.server.MinecraftServer/]: ACU4 was frozen to death by Grave Guardian
[07Aug2024 00:29:21.376] [Server thread/INFO] [tombstone/]: The player ACU4 has successfully been saved
[07Aug2024 00:30:37.651] [Server thread/INFO] [net.minecraft.world.entity.npc.Villager/]: Villager Villager['Villager'/19803, l='ServerLevel[world]', x=-80.18, y=-256.00, z=19.87] died, message: 'Villager was killed'
[07Aug2024 00:34:31.234] [Server thread/WARN] [net.minecraft.server.MinecraftServer/]: Can't keep up! Is the server overloaded? Running 2236ms or 44 ticks behind
[07Aug2024 00:34:51.814] [Server thread/WARN] [net.minecraft.server.MinecraftServer/]: Can't keep up! Is the server overloaded? Running 5616ms or 112 ticks behind
[07Aug2024 00:35:09.830] [Server thread/WARN] [net.minecraft.server.MinecraftServer/]: Can't keep up! Is the server overloaded? Running 3031ms or 60 ticks behind
[07Aug2024 00:41:23.066] [Server thread/WARN] [net.minecraft.server.MinecraftServer/]: Can't keep up! Is the server overloaded? Running 2018ms or 40 ticks behind
[07Aug2024 00:42:14.731] [Server thread/WARN] [net.minecraft.world.level.storage.loot.functions.SmeltItemFunction/]: Couldn't smelt 1 bison_fur because there is no smelting recipe
[07Aug2024 00:42:41.027] [Server thread/WARN] [net.minecraft.world.level.storage.loot.functions.SmeltItemFunction/]: Couldn't smelt 1 bison_fur because there is no smelting recipe
[07Aug2024 00:44:28.448] [Server thread/WARN] [net.minecraft.world.level.storage.loot.functions.SmeltItemFunction/]: Couldn't smelt 3 bison_fur because there is no smelting recipe
[07Aug2024 00:45:26.700] [Server thread/WARN] [net.minecraft.server.MinecraftServer/]: Can't keep up! Is the server overloaded? Running 2952ms or 59 ticks behind
[07Aug2024 00:45:26.827] [Server thread/WARN] [net.minecraft.server.network.ServerGamePacketListenerImpl/]: Horse (vehicle of amigobuho360) moved too quickly! 9.86188962999097,1.0,-2.495308495625437
[07Aug2024 00:45:26.835] [Server thread/WARN] [net.minecraft.server.network.ServerGamePacketListenerImpl/]: Horse (vehicle of amigobuho360) moved too quickly! 10.344908379436788,1.0,-2.501196248052281
